<?xml version="1.0" encoding="UTF-8"?>
<testsuite name="/home/karam/Documents/API_Automation_ATB6x"
           tests="2"
           failures="0"
           errors="0"
           skipped="0"
           time="11.326">
    <properties></properties>



            <testcase
                name="setUp"
                time="1.008"
                classname="com.thetestingacademy.tests.crud.TestCreateBooking">
            </testcase>
            <testcase
                name="testCreatebooking"
                time="10.318"
                classname="com.thetestingacademy.tests.crud.TestCreateBooking">
            </testcase>
</testsuite>
